<?xml version="1.0" encoding="UTF-8"?>
<!-- Generated by org.testng.reporters.JUnitXMLReporter -->
<testsuite ignored="0" hostname="GIPL-NTB078" failures="0" tests="2" name="HRM Website Test" time="49.284" errors="0" timestamp="2024-03-29T14:34:55 IST">
  <testcase classname="com.hrmproject.testCases.TC_AddEmpTest_001" name="EmpAddTest" time="20.968"/>
  <testcase classname="com.hrmproject.testCases.TC_AddEmpTest_001" name="addedEmployeeDetUpdate" time="16.542"/>
</testsuite> <!-- HRM Website Test -->
