<?xml version="1.0" encoding="UTF-8"?>
<testng-results ignored="0" total="2" passed="2" failed="0" skipped="0">
  <reporter-output>
  </reporter-output>
  <suite started-at="2024-03-29T14:34:06 IST" name="HRM_Project" finished-at="2024-03-29T14:34:55 IST" duration-ms="49284">
    <groups>
    </groups>
    <test started-at="2024-03-29T14:34:06 IST" name="HRM Website Test" finished-at="2024-03-29T14:34:55 IST" duration-ms="49284">
      <class name="com.hrmproject.testCases.TC_AddEmpTest_001">
        <test-method is-config="true" signature="setUp(java.lang.String)[pri:0, instance:com.hrmproject.testCases.TC_AddEmpTest_001@595b007d]" started-at="2024-03-29T14:34:06 IST" name="setUp" finished-at="2024-03-29T14:34:17 IST" duration-ms="10628" status="PASS">
          <params>
            <param index="0">
              <value>
                <![CDATA[chrome]]>
              </value>
            </param>
          </params>
          <reporter-output>
          </reporter-output>
        </test-method> <!-- setUp -->
        <test-method signature="EmpAddTest()[pri:1, instance:com.hrmproject.testCases.TC_AddEmpTest_001@595b007d]" started-at="2024-03-29T14:34:17 IST" name="EmpAddTest" finished-at="2024-03-29T14:34:38 IST" duration-ms="20968" status="PASS">
          <reporter-output>
          </reporter-output>
        </test-method> <!-- EmpAddTest -->
        <test-method signature="addedEmployeeDetUpdate()[pri:2, instance:com.hrmproject.testCases.TC_AddEmpTest_001@595b007d]" started-at="2024-03-29T14:34:38 IST" name="addedEmployeeDetUpdate" finished-at="2024-03-29T14:34:54 IST" duration-ms="16542" status="PASS">
          <reporter-output>
          </reporter-output>
        </test-method> <!-- addedEmployeeDetUpdate -->
        <test-method is-config="true" signature="tearDown()[pri:0, instance:com.hrmproject.testCases.TC_AddEmpTest_001@595b007d]" started-at="2024-03-29T14:34:54 IST" name="tearDown" finished-at="2024-03-29T14:34:55 IST" duration-ms="568" status="PASS">
          <reporter-output>
          </reporter-output>
        </test-method> <!-- tearDown -->
      </class> <!-- com.hrmproject.testCases.TC_AddEmpTest_001 -->
    </test> <!-- HRM Website Test -->
  </suite> <!-- HRM_Project -->
</testng-results>
